<?xml version="1.0" encoding="UTF-8"?>
<!-- Generated by org.testng.reporters.JUnitXMLReporter -->
<testsuite ignored="18" hostname="ROOPARUN" failures="0" tests="26" name="Test" time="779.391" errors="0" timestamp="2025-04-28T23:10:43 IST">
  <testcase classname="test.TC_001_RegisterPage" name="ValidRegisterTest" time="52.191"/>
  <testcase classname="test.TC_002_InvalidRegisterDataTest" name="ValidRegisterTest" time="34.873"/>
  <testcase classname="test.TC_002_InvalidRegisterDataTest" name="ValidRegisterTest" time="34.391"/>
  <testcase classname="test.TC_002_InvalidRegisterDataTest" name="ValidRegisterTest" time="34.176"/>
  <testcase classname="test.TC_002_InvalidRegisterDataTest" name="ValidRegisterTest" time="33.42"/>
  <testcase classname="test.TC_002_InvalidRegisterDataTest" name="ValidRegisterTest" time="35.009"/>
  <testcase classname="test.TC_003_ValidLoginTest" name="ValidateLogin" time="6.556"/>
  <testcase classname="test.TC_004_InvalidLoginTest" name="ValidateInvalidLogin" time="0.318"/>
  <testcase classname="test.TC_004_InvalidLoginTest" name="ValidateInvalidLogin" time="4.716"/>
  <testcase classname="test.TC_004_InvalidLoginTest" name="ValidateInvalidLogin" time="7.287"/>
  <testcase classname="test.TC_004_InvalidLoginTest" name="ValidateInvalidLogin" time="6.604"/>
  <testcase classname="test.TC_005_SearchHotelTest" name="SearchHotelsTest" time="5.531"/>
  <testcase classname="test.TC_006_SelectHotelsTest" name="BookingHotelsTest" time="18.967"/>
  <testcase classname="test.TC_006_SelectHotelsTest" name="BookingHotelsTest" time="20.388"/>
  <testcase classname="test.TC_006_SelectHotelsTest" name="BookingHotelsTest" time="18.589"/>
  <testcase classname="test.TC_006_SelectHotelsTest" name="BookingHotelsTest" time="26.772"/>
  <testcase classname="test.TC_007ValidateSearchHotel" name="SearchHotelsTest" time="11.318"/>
  <testcase classname="test.TC_008_ChangePasswordTest" name="ChangePassword" time="19.751"/>
  <testcase classname="test.TC_009_HomeContentDetailsTest" name="HomeContentTest" time="0.279"/>
  <testcase classname="test.TC_010_ValidateBooking" name="BookingHotelsTest" time="13.375"/>
  <testcase classname="test.TC_010_ValidateBooking" name="BookingHotelsTest" time="14.939"/>
  <testcase classname="test.TC_010_ValidateBooking" name="BookingHotelsTest" time="14.316"/>
  <testcase classname="test.TC_010_ValidateBooking" name="BookingHotelsTest" time="17.982"/>
  <testcase classname="test.TC_010_ValidateBooking" name="BookingHotelsTest" time="14.271"/>
  <testcase classname="test.TC_010_ValidateBooking" name="BookingHotelsTest" time="22.548"/>
  <testcase classname="test.TC_010_ValidateBooking" name="BookingHotelsTest" time="21.874"/>
  <testcase classname="base.ProjectSpecificationMethods" name="@BeforeSuite reportIniatialization" time="0.0">
    <ignored/>
  </testcase> <!-- @BeforeSuite reportIniatialization -->
  <testcase classname="base.ProjectSpecificationMethods" name="@BeforeSuite reportIniatialization" time="0.0">
    <ignored/>
  </testcase> <!-- @BeforeSuite reportIniatialization -->
  <testcase classname="base.ProjectSpecificationMethods" name="@BeforeSuite reportIniatialization" time="0.0">
    <ignored/>
  </testcase> <!-- @BeforeSuite reportIniatialization -->
  <testcase classname="base.ProjectSpecificationMethods" name="@AfterSuite closeReport" time="0.0">
    <ignored/>
  </testcase> <!-- @AfterSuite closeReport -->
  <testcase classname="base.ProjectSpecificationMethods" name="@AfterSuite closeReport" time="0.0">
    <ignored/>
  </testcase> <!-- @AfterSuite closeReport -->
  <testcase classname="base.ProjectSpecificationMethods" name="@BeforeSuite reportIniatialization" time="0.0">
    <ignored/>
  </testcase> <!-- @BeforeSuite reportIniatialization -->
  <testcase classname="base.ProjectSpecificationMethods" name="@AfterSuite closeReport" time="0.0">
    <ignored/>
  </testcase> <!-- @AfterSuite closeReport -->
  <testcase classname="base.ProjectSpecificationMethods" name="@AfterSuite closeReport" time="0.0">
    <ignored/>
  </testcase> <!-- @AfterSuite closeReport -->
  <testcase classname="base.ProjectSpecificationMethods" name="@BeforeSuite reportIniatialization" time="0.0">
    <ignored/>
  </testcase> <!-- @BeforeSuite reportIniatialization -->
  <testcase classname="base.ProjectSpecificationMethods" name="@AfterSuite closeReport" time="0.0">
    <ignored/>
  </testcase> <!-- @AfterSuite closeReport -->
  <testcase classname="base.ProjectSpecificationMethods" name="@AfterSuite closeReport" time="0.0">
    <ignored/>
  </testcase> <!-- @AfterSuite closeReport -->
  <testcase classname="base.ProjectSpecificationMethods" name="@BeforeSuite reportIniatialization" time="0.0">
    <ignored/>
  </testcase> <!-- @BeforeSuite reportIniatialization -->
  <testcase classname="base.ProjectSpecificationMethods" name="@BeforeSuite reportIniatialization" time="0.0">
    <ignored/>
  </testcase> <!-- @BeforeSuite reportIniatialization -->
  <testcase classname="base.ProjectSpecificationMethods" name="@BeforeSuite reportIniatialization" time="0.0">
    <ignored/>
  </testcase> <!-- @BeforeSuite reportIniatialization -->
  <testcase classname="base.ProjectSpecificationMethods" name="@BeforeSuite reportIniatialization" time="0.0">
    <ignored/>
  </testcase> <!-- @BeforeSuite reportIniatialization -->
  <testcase classname="base.ProjectSpecificationMethods" name="@AfterSuite closeReport" time="0.0">
    <ignored/>
  </testcase> <!-- @AfterSuite closeReport -->
  <testcase classname="base.ProjectSpecificationMethods" name="@AfterSuite closeReport" time="0.0">
    <ignored/>
  </testcase> <!-- @AfterSuite closeReport -->
  <testcase classname="base.ProjectSpecificationMethods" name="@AfterSuite closeReport" time="0.0">
    <ignored/>
  </testcase> <!-- @AfterSuite closeReport -->
</testsuite> <!-- Test -->
