<?xml version="1.0" encoding="UTF-8"?>
<testng-results ignored="0" total="26" passed="26" failed="0" skipped="0">
  <reporter-output>
  </reporter-output>
  <suite started-at="2025-04-28T22:57:44 IST" name="Suite" finished-at="2025-04-28T23:10:43 IST" duration-ms="779391">
    <groups>
    </groups>
    <test started-at="2025-04-28T22:57:44 IST" name="Test" finished-at="2025-04-28T23:10:43 IST" duration-ms="779391">
      <class name="test.TC_002_InvalidRegisterDataTest">
        <test-method is-config="true" signature="setup()[pri:0, instance:test.TC_002_InvalidRegisterDataTest@45c7e403]" started-at="2025-04-28T22:57:44 IST" name="setup" finished-at="2025-04-28T22:57:44 IST" duration-ms="0" status="PASS">
          <reporter-output>
          </reporter-output>
        </test-method> <!-- setup -->
        <test-method is-config="true" signature="testDetails()[pri:0, instance:test.TC_002_InvalidRegisterDataTest@45c7e403]" started-at="2025-04-28T22:58:46 IST" name="testDetails" finished-at="2025-04-28T22:58:46 IST" duration-ms="6" status="PASS">
          <reporter-output>
          </reporter-output>
        </test-method> <!-- testDetails -->
        <test-method is-config="true" signature="LauchingAndLoadingURL()[pri:0, instance:test.TC_002_InvalidRegisterDataTest@45c7e403]" started-at="2025-04-28T22:58:46 IST" name="LauchingAndLoadingURL" finished-at="2025-04-28T22:58:55 IST" duration-ms="8490" status="PASS">
          <reporter-output>
          </reporter-output>
        </test-method> <!-- LauchingAndLoadingURL -->
        <test-method signature="ValidRegisterTest(java.lang.String,java.lang.String,java.lang.String,java.lang.String,java.lang.String,java.lang.String,java.lang.String)[pri:0, instance:test.TC_002_InvalidRegisterDataTest@45c7e403]" started-at="2025-04-28T22:58:55 IST" name="ValidRegisterTest" data-provider="readData" finished-at="2025-04-28T22:59:30 IST" duration-ms="34873" status="PASS">
          <params>
            <param index="0">
              <value>
                <![CDATA[]]>
              </value>
            </param>
            <param index="1">
              <value>
                <![CDATA[Roopa1011]]>
              </value>
            </param>
            <param index="2">
              <value>
                <![CDATA[Roopa1011]]>
              </value>
            </param>
            <param index="3">
              <value>
                <![CDATA[RoopaK]]>
              </value>
            </param>
            <param index="4">
              <value>
                <![CDATA[Dummyuser001@gmail.com]]>
              </value>
            </param>
            <param index="5">
              <value>
                <![CDATA[UserNameIsEmpty]]>
              </value>
            </param>
            <param index="6">
              <value>
                <![CDATA[Username is Empty]]>
              </value>
            </param>
          </params>
          <reporter-output>
          </reporter-output>
        </test-method> <!-- ValidRegisterTest -->
        <test-method is-config="true" signature="browserClose()[pri:0, instance:test.TC_002_InvalidRegisterDataTest@45c7e403]" started-at="2025-04-28T22:59:30 IST" name="browserClose" finished-at="2025-04-28T22:59:30 IST" duration-ms="173" status="PASS">
          <reporter-output>
          </reporter-output>
        </test-method> <!-- browserClose -->
        <test-method is-config="true" signature="LauchingAndLoadingURL()[pri:0, instance:test.TC_002_InvalidRegisterDataTest@45c7e403]" started-at="2025-04-28T22:59:30 IST" name="LauchingAndLoadingURL" finished-at="2025-04-28T22:59:38 IST" duration-ms="8370" status="PASS">
          <reporter-output>
          </reporter-output>
        </test-method> <!-- LauchingAndLoadingURL -->
        <test-method signature="ValidRegisterTest(java.lang.String,java.lang.String,java.lang.String,java.lang.String,java.lang.String,java.lang.String,java.lang.String)[pri:0, instance:test.TC_002_InvalidRegisterDataTest@45c7e403]" started-at="2025-04-28T22:59:38 IST" name="ValidRegisterTest" data-provider="readData" finished-at="2025-04-28T23:00:13 IST" duration-ms="34391" status="PASS">
          <params>
            <param index="0">
              <value>
                <![CDATA[Roopa]]>
              </value>
            </param>
            <param index="1">
              <value>
                <![CDATA[]]>
              </value>
            </param>
            <param index="2">
              <value>
                <![CDATA[Roopa1011]]>
              </value>
            </param>
            <param index="3">
              <value>
                <![CDATA[RoopaK]]>
              </value>
            </param>
            <param index="4">
              <value>
                <![CDATA[Dummyuser001@gmail.com]]>
              </value>
            </param>
            <param index="5">
              <value>
                <![CDATA[PasswordIsEmpty]]>
              </value>
            </param>
            <param index="6">
              <value>
                <![CDATA[Password is Empty]]>
              </value>
            </param>
          </params>
          <reporter-output>
          </reporter-output>
        </test-method> <!-- ValidRegisterTest -->
        <test-method is-config="true" signature="browserClose()[pri:0, instance:test.TC_002_InvalidRegisterDataTest@45c7e403]" started-at="2025-04-28T23:00:13 IST" name="browserClose" finished-at="2025-04-28T23:00:13 IST" duration-ms="162" status="PASS">
          <reporter-output>
          </reporter-output>
        </test-method> <!-- browserClose -->
        <test-method is-config="true" signature="LauchingAndLoadingURL()[pri:0, instance:test.TC_002_InvalidRegisterDataTest@45c7e403]" started-at="2025-04-28T23:00:13 IST" name="LauchingAndLoadingURL" finished-at="2025-04-28T23:00:24 IST" duration-ms="11431" status="PASS">
          <reporter-output>
          </reporter-output>
        </test-method> <!-- LauchingAndLoadingURL -->
        <test-method signature="ValidRegisterTest(java.lang.String,java.lang.String,java.lang.String,java.lang.String,java.lang.String,java.lang.String,java.lang.String)[pri:0, instance:test.TC_002_InvalidRegisterDataTest@45c7e403]" started-at="2025-04-28T23:00:24 IST" name="ValidRegisterTest" data-provider="readData" finished-at="2025-04-28T23:00:58 IST" duration-ms="34176" status="PASS">
          <params>
            <param index="0">
              <value>
                <![CDATA[Roopa]]>
              </value>
            </param>
            <param index="1">
              <value>
                <![CDATA[Roopa1011]]>
              </value>
            </param>
            <param index="2">
              <value>
                <![CDATA[Roopa]]>
              </value>
            </param>
            <param index="3">
              <value>
                <![CDATA[RoopaK]]>
              </value>
            </param>
            <param index="4">
              <value>
                <![CDATA[Dummyuser001@gmail.com]]>
              </value>
            </param>
            <param index="5">
              <value>
                <![CDATA[InvalidConfirmPassword]]>
              </value>
            </param>
            <param index="6">
              <value>
                <![CDATA[Passwords Do Not Match]]>
              </value>
            </param>
          </params>
          <reporter-output>
          </reporter-output>
        </test-method> <!-- ValidRegisterTest -->
        <test-method is-config="true" signature="browserClose()[pri:0, instance:test.TC_002_InvalidRegisterDataTest@45c7e403]" started-at="2025-04-28T23:00:58 IST" name="browserClose" finished-at="2025-04-28T23:00:59 IST" duration-ms="217" status="PASS">
          <reporter-output>
          </reporter-output>
        </test-method> <!-- browserClose -->
        <test-method is-config="true" signature="LauchingAndLoadingURL()[pri:0, instance:test.TC_002_InvalidRegisterDataTest@45c7e403]" started-at="2025-04-28T23:00:59 IST" name="LauchingAndLoadingURL" finished-at="2025-04-28T23:01:06 IST" duration-ms="6891" status="PASS">
          <reporter-output>
          </reporter-output>
        </test-method> <!-- LauchingAndLoadingURL -->
        <test-method signature="ValidRegisterTest(java.lang.String,java.lang.String,java.lang.String,java.lang.String,java.lang.String,java.lang.String,java.lang.String)[pri:0, instance:test.TC_002_InvalidRegisterDataTest@45c7e403]" started-at="2025-04-28T23:01:06 IST" name="ValidRegisterTest" data-provider="readData" finished-at="2025-04-28T23:01:39 IST" duration-ms="33420" status="PASS">
          <params>
            <param index="0">
              <value>
                <![CDATA[Roopa]]>
              </value>
            </param>
            <param index="1">
              <value>
                <![CDATA[Roopa1011]]>
              </value>
            </param>
            <param index="2">
              <value>
                <![CDATA[Roopa1011]]>
              </value>
            </param>
            <param index="3">
              <value>
                <![CDATA[]]>
              </value>
            </param>
            <param index="4">
              <value>
                <![CDATA[Dummyuser001@gmail.com]]>
              </value>
            </param>
            <param index="5">
              <value>
                <![CDATA[FullNameIsEmpty]]>
              </value>
            </param>
            <param index="6">
              <value>
                <![CDATA[Full Name is Empty]]>
              </value>
            </param>
          </params>
          <reporter-output>
          </reporter-output>
        </test-method> <!-- ValidRegisterTest -->
        <test-method is-config="true" signature="browserClose()[pri:0, instance:test.TC_002_InvalidRegisterDataTest@45c7e403]" started-at="2025-04-28T23:01:39 IST" name="browserClose" finished-at="2025-04-28T23:01:39 IST" duration-ms="229" status="PASS">
          <reporter-output>
          </reporter-output>
        </test-method> <!-- browserClose -->
        <test-method is-config="true" signature="LauchingAndLoadingURL()[pri:0, instance:test.TC_002_InvalidRegisterDataTest@45c7e403]" started-at="2025-04-28T23:01:39 IST" name="LauchingAndLoadingURL" finished-at="2025-04-28T23:01:49 IST" duration-ms="10265" status="PASS">
          <reporter-output>
          </reporter-output>
        </test-method> <!-- LauchingAndLoadingURL -->
        <test-method signature="ValidRegisterTest(java.lang.String,java.lang.String,java.lang.String,java.lang.String,java.lang.String,java.lang.String,java.lang.String)[pri:0, instance:test.TC_002_InvalidRegisterDataTest@45c7e403]" started-at="2025-04-28T23:01:49 IST" name="ValidRegisterTest" data-provider="readData" finished-at="2025-04-28T23:02:24 IST" duration-ms="35009" status="PASS">
          <params>
            <param index="0">
              <value>
                <![CDATA[Roopa]]>
              </value>
            </param>
            <param index="1">
              <value>
                <![CDATA[Roopa1011]]>
              </value>
            </param>
            <param index="2">
              <value>
                <![CDATA[Roopa1011]]>
              </value>
            </param>
            <param index="3">
              <value>
                <![CDATA[RoopaK]]>
              </value>
            </param>
            <param index="4">
              <value>
                <![CDATA[Dummyuser001]]>
              </value>
            </param>
            <param index="5">
              <value>
                <![CDATA[InvalidEmailId]]>
              </value>
            </param>
            <param index="6">
              <value>
                <![CDATA[Invalid email, Please enter correct email.]]>
              </value>
            </param>
          </params>
          <reporter-output>
          </reporter-output>
        </test-method> <!-- ValidRegisterTest -->
        <test-method is-config="true" signature="browserClose()[pri:0, instance:test.TC_002_InvalidRegisterDataTest@45c7e403]" started-at="2025-04-28T23:02:24 IST" name="browserClose" finished-at="2025-04-28T23:02:25 IST" duration-ms="239" status="PASS">
          <reporter-output>
          </reporter-output>
        </test-method> <!-- browserClose -->
      </class> <!-- test.TC_002_InvalidRegisterDataTest -->
      <class name="test.TC_007ValidateSearchHotel">
        <test-method is-config="true" signature="setup()[pri:0, instance:test.TC_007ValidateSearchHotel@61322f9d]" started-at="2025-04-28T22:57:44 IST" name="setup" finished-at="2025-04-28T22:57:44 IST" duration-ms="0" status="PASS">
          <reporter-output>
          </reporter-output>
        </test-method> <!-- setup -->
        <test-method is-config="true" signature="testDetails()[pri:0, instance:test.TC_007ValidateSearchHotel@61322f9d]" started-at="2025-04-28T23:06:44 IST" name="testDetails" finished-at="2025-04-28T23:06:44 IST" duration-ms="0" status="PASS">
          <reporter-output>
          </reporter-output>
        </test-method> <!-- testDetails -->
        <test-method is-config="true" signature="LauchingAndLoadingURL()[pri:0, instance:test.TC_007ValidateSearchHotel@61322f9d]" started-at="2025-04-28T23:06:44 IST" name="LauchingAndLoadingURL" finished-at="2025-04-28T23:06:47 IST" duration-ms="3043" status="PASS">
          <reporter-output>
          </reporter-output>
        </test-method> <!-- LauchingAndLoadingURL -->
        <test-method signature="SearchHotelsTest(java.lang.String,java.lang.String,java.lang.String,java.lang.String)[pri:0, instance:test.TC_007ValidateSearchHotel@61322f9d]" started-at="2025-04-28T23:06:47 IST" name="SearchHotelsTest" data-provider="readData" finished-at="2025-04-28T23:06:59 IST" duration-ms="11318" status="PASS">
          <params>
            <param index="0">
              <value>
                <![CDATA[RamAdmin1]]>
              </value>
            </param>
            <param index="1">
              <value>
                <![CDATA[Ram@1234]]>
              </value>
            </param>
            <param index="2">
              <value>
                <![CDATA[21-05-2025]]>
              </value>
            </param>
            <param index="3">
              <value>
                <![CDATA[22-05-2025]]>
              </value>
            </param>
          </params>
          <reporter-output>
          </reporter-output>
        </test-method> <!-- SearchHotelsTest -->
        <test-method is-config="true" signature="browserClose()[pri:0, instance:test.TC_007ValidateSearchHotel@61322f9d]" started-at="2025-04-28T23:06:59 IST" name="browserClose" finished-at="2025-04-28T23:06:59 IST" duration-ms="233" status="PASS">
          <reporter-output>
          </reporter-output>
        </test-method> <!-- browserClose -->
      </class> <!-- test.TC_007ValidateSearchHotel -->
      <class name="test.TC_006_SelectHotelsTest">
        <test-method is-config="true" signature="setup()[pri:0, instance:test.TC_006_SelectHotelsTest@65e98b1c]" started-at="2025-04-28T22:57:44 IST" name="setup" finished-at="2025-04-28T22:57:44 IST" duration-ms="0" status="PASS">
          <reporter-output>
          </reporter-output>
        </test-method> <!-- setup -->
        <test-method is-config="true" signature="testDetails()[pri:0, instance:test.TC_006_SelectHotelsTest@65e98b1c]" started-at="2025-04-28T23:04:37 IST" name="testDetails" finished-at="2025-04-28T23:04:37 IST" duration-ms="1" status="PASS">
          <reporter-output>
          </reporter-output>
        </test-method> <!-- testDetails -->
        <test-method is-config="true" signature="LauchingAndLoadingURL()[pri:0, instance:test.TC_006_SelectHotelsTest@65e98b1c]" started-at="2025-04-28T23:04:37 IST" name="LauchingAndLoadingURL" finished-at="2025-04-28T23:04:46 IST" duration-ms="8481" status="PASS">
          <reporter-output>
          </reporter-output>
        </test-method> <!-- LauchingAndLoadingURL -->
        <test-method signature="BookingHotelsTest(java.lang.String,java.lang.String,java.lang.String,java.lang.String,java.lang.String,java.lang.String,java.lang.String,java.lang.String,java.lang.String,java.lang.String)[pri:0, instance:test.TC_006_SelectHotelsTest@65e98b1c]" started-at="2025-04-28T23:04:46 IST" name="BookingHotelsTest" data-provider="readData" finished-at="2025-04-28T23:05:05 IST" duration-ms="18967" status="PASS">
          <params>
            <param index="0">
              <value>
                <![CDATA[RamAdmin1]]>
              </value>
            </param>
            <param index="1">
              <value>
                <![CDATA[Ram@1234]]>
              </value>
            </param>
            <param index="2">
              <value>
                <![CDATA[18-05-2025]]>
              </value>
            </param>
            <param index="3">
              <value>
                <![CDATA[19-05-2025]]>
              </value>
            </param>
            <param index="4">
              <value>
                <![CDATA[kia]]>
              </value>
            </param>
            <param index="5">
              <value>
                <![CDATA[Dev]]>
              </value>
            </param>
            <param index="6">
              <value>
                <![CDATA[Theni]]>
              </value>
            </param>
            <param index="7">
              <value>
                <![CDATA[5487569852145632]]>
              </value>
            </param>
            <param index="8">
              <value>
                <![CDATA[123]]>
              </value>
            </param>
            <param index="9">
              <value>
                <![CDATA[FirstBooking]]>
              </value>
            </param>
          </params>
          <reporter-output>
          </reporter-output>
        </test-method> <!-- BookingHotelsTest -->
        <test-method is-config="true" signature="browserClose()[pri:0, instance:test.TC_006_SelectHotelsTest@65e98b1c]" started-at="2025-04-28T23:05:05 IST" name="browserClose" finished-at="2025-04-28T23:05:05 IST" duration-ms="217" status="PASS">
          <reporter-output>
          </reporter-output>
        </test-method> <!-- browserClose -->
        <test-method is-config="true" signature="LauchingAndLoadingURL()[pri:0, instance:test.TC_006_SelectHotelsTest@65e98b1c]" started-at="2025-04-28T23:05:05 IST" name="LauchingAndLoadingURL" finished-at="2025-04-28T23:05:24 IST" duration-ms="18873" status="PASS">
          <reporter-output>
          </reporter-output>
        </test-method> <!-- LauchingAndLoadingURL -->
        <test-method signature="BookingHotelsTest(java.lang.String,java.lang.String,java.lang.String,java.lang.String,java.lang.String,java.lang.String,java.lang.String,java.lang.String,java.lang.String,java.lang.String)[pri:0, instance:test.TC_006_SelectHotelsTest@65e98b1c]" started-at="2025-04-28T23:05:24 IST" name="BookingHotelsTest" data-provider="readData" finished-at="2025-04-28T23:05:44 IST" duration-ms="20388" status="PASS">
          <params>
            <param index="0">
              <value>
                <![CDATA[RamAdmin1]]>
              </value>
            </param>
            <param index="1">
              <value>
                <![CDATA[Ram@1234]]>
              </value>
            </param>
            <param index="2">
              <value>
                <![CDATA[21-05-2025]]>
              </value>
            </param>
            <param index="3">
              <value>
                <![CDATA[22-05-2025]]>
              </value>
            </param>
            <param index="4">
              <value>
                <![CDATA[Meera]]>
              </value>
            </param>
            <param index="5">
              <value>
                <![CDATA[Joseph]]>
              </value>
            </param>
            <param index="6">
              <value>
                <![CDATA[Bangalore]]>
              </value>
            </param>
            <param index="7">
              <value>
                <![CDATA[5236521454785698]]>
              </value>
            </param>
            <param index="8">
              <value>
                <![CDATA[234]]>
              </value>
            </param>
            <param index="9">
              <value>
                <![CDATA[SeconBooking]]>
              </value>
            </param>
          </params>
          <reporter-output>
          </reporter-output>
        </test-method> <!-- BookingHotelsTest -->
        <test-method is-config="true" signature="browserClose()[pri:0, instance:test.TC_006_SelectHotelsTest@65e98b1c]" started-at="2025-04-28T23:05:44 IST" name="browserClose" finished-at="2025-04-28T23:05:44 IST" duration-ms="254" status="PASS">
          <reporter-output>
          </reporter-output>
        </test-method> <!-- browserClose -->
        <test-method is-config="true" signature="LauchingAndLoadingURL()[pri:0, instance:test.TC_006_SelectHotelsTest@65e98b1c]" started-at="2025-04-28T23:05:44 IST" name="LauchingAndLoadingURL" finished-at="2025-04-28T23:05:56 IST" duration-ms="11422" status="PASS">
          <reporter-output>
          </reporter-output>
        </test-method> <!-- LauchingAndLoadingURL -->
        <test-method signature="BookingHotelsTest(java.lang.String,java.lang.String,java.lang.String,java.lang.String,java.lang.String,java.lang.String,java.lang.String,java.lang.String,java.lang.String,java.lang.String)[pri:0, instance:test.TC_006_SelectHotelsTest@65e98b1c]" started-at="2025-04-28T23:05:56 IST" name="BookingHotelsTest" data-provider="readData" finished-at="2025-04-28T23:06:14 IST" duration-ms="18589" status="PASS">
          <params>
            <param index="0">
              <value>
                <![CDATA[RamAdmin1]]>
              </value>
            </param>
            <param index="1">
              <value>
                <![CDATA[Ram@1234]]>
              </value>
            </param>
            <param index="2">
              <value>
                <![CDATA[25-05-2025]]>
              </value>
            </param>
            <param index="3">
              <value>
                <![CDATA[26-06-2025]]>
              </value>
            </param>
            <param index="4">
              <value>
                <![CDATA[John]]>
              </value>
            </param>
            <param index="5">
              <value>
                <![CDATA[Peter]]>
              </value>
            </param>
            <param index="6">
              <value>
                <![CDATA[Madurai]]>
              </value>
            </param>
            <param index="7">
              <value>
                <![CDATA[5698587454125236]]>
              </value>
            </param>
            <param index="8">
              <value>
                <![CDATA[456]]>
              </value>
            </param>
            <param index="9">
              <value>
                <![CDATA[ThirdBooking]]>
              </value>
            </param>
          </params>
          <reporter-output>
          </reporter-output>
        </test-method> <!-- BookingHotelsTest -->
        <test-method is-config="true" signature="browserClose()[pri:0, instance:test.TC_006_SelectHotelsTest@65e98b1c]" started-at="2025-04-28T23:06:14 IST" name="browserClose" finished-at="2025-04-28T23:06:15 IST" duration-ms="259" status="PASS">
          <reporter-output>
          </reporter-output>
        </test-method> <!-- browserClose -->
        <test-method is-config="true" signature="LauchingAndLoadingURL()[pri:0, instance:test.TC_006_SelectHotelsTest@65e98b1c]" started-at="2025-04-28T23:06:15 IST" name="LauchingAndLoadingURL" finished-at="2025-04-28T23:06:17 IST" duration-ms="2781" status="PASS">
          <reporter-output>
          </reporter-output>
        </test-method> <!-- LauchingAndLoadingURL -->
        <test-method signature="BookingHotelsTest(java.lang.String,java.lang.String,java.lang.String,java.lang.String,java.lang.String,java.lang.String,java.lang.String,java.lang.String,java.lang.String,java.lang.String)[pri:0, instance:test.TC_006_SelectHotelsTest@65e98b1c]" started-at="2025-04-28T23:06:17 IST" name="BookingHotelsTest" data-provider="readData" finished-at="2025-04-28T23:06:44 IST" duration-ms="26772" status="PASS">
          <params>
            <param index="0">
              <value>
                <![CDATA[RamAdmin1]]>
              </value>
            </param>
            <param index="1">
              <value>
                <![CDATA[Ram@1234]]>
              </value>
            </param>
            <param index="2">
              <value>
                <![CDATA[29-05-2025]]>
              </value>
            </param>
            <param index="3">
              <value>
                <![CDATA[30-05-2025]]>
              </value>
            </param>
            <param index="4">
              <value>
                <![CDATA[Mayuri]]>
              </value>
            </param>
            <param index="5">
              <value>
                <![CDATA[Ravi]]>
              </value>
            </param>
            <param index="6">
              <value>
                <![CDATA[Erode]]>
              </value>
            </param>
            <param index="7">
              <value>
                <![CDATA[5412589652365478]]>
              </value>
            </param>
            <param index="8">
              <value>
                <![CDATA[789]]>
              </value>
            </param>
            <param index="9">
              <value>
                <![CDATA[FourthBooking]]>
              </value>
            </param>
          </params>
          <reporter-output>
          </reporter-output>
        </test-method> <!-- BookingHotelsTest -->
        <test-method is-config="true" signature="browserClose()[pri:0, instance:test.TC_006_SelectHotelsTest@65e98b1c]" started-at="2025-04-28T23:06:44 IST" name="browserClose" finished-at="2025-04-28T23:06:44 IST" duration-ms="251" status="PASS">
          <reporter-output>
          </reporter-output>
        </test-method> <!-- browserClose -->
      </class> <!-- test.TC_006_SelectHotelsTest -->
      <class name="test.TC_004_InvalidLoginTest">
        <test-method is-config="true" signature="setup()[pri:0, instance:test.TC_004_InvalidLoginTest@710f4dc7]" started-at="2025-04-28T22:57:44 IST" name="setup" finished-at="2025-04-28T22:57:44 IST" duration-ms="0" status="PASS">
          <reporter-output>
          </reporter-output>
        </test-method> <!-- setup -->
        <test-method is-config="true" signature="testDetails()[pri:0, instance:test.TC_004_InvalidLoginTest@710f4dc7]" started-at="2025-04-28T23:03:00 IST" name="testDetails" finished-at="2025-04-28T23:03:00 IST" duration-ms="0" status="PASS">
          <reporter-output>
          </reporter-output>
        </test-method> <!-- testDetails -->
        <test-method is-config="true" signature="LauchingAndLoadingURL()[pri:0, instance:test.TC_004_InvalidLoginTest@710f4dc7]" started-at="2025-04-28T23:03:02 IST" name="LauchingAndLoadingURL" finished-at="2025-04-28T23:03:09 IST" duration-ms="7716" status="PASS">
          <reporter-output>
          </reporter-output>
        </test-method> <!-- LauchingAndLoadingURL -->
        <test-method signature="ValidateInvalidLogin(java.lang.String,java.lang.String,java.lang.String,java.lang.String)[pri:0, instance:test.TC_004_InvalidLoginTest@710f4dc7]" started-at="2025-04-28T23:03:09 IST" name="ValidateInvalidLogin" data-provider="readData" finished-at="2025-04-28T23:03:10 IST" duration-ms="318" status="PASS">
          <params>
            <param index="0">
              <value>
                <![CDATA[]]>
              </value>
            </param>
            <param index="1">
              <value>
                <![CDATA[Roopa1011]]>
              </value>
            </param>
            <param index="2">
              <value>
                <![CDATA[UsrNameIsEmpty]]>
              </value>
            </param>
            <param index="3">
              <value>
                <![CDATA[Enter Username]]>
              </value>
            </param>
          </params>
          <reporter-output>
          </reporter-output>
        </test-method> <!-- ValidateInvalidLogin -->
        <test-method is-config="true" signature="browserClose()[pri:0, instance:test.TC_004_InvalidLoginTest@710f4dc7]" started-at="2025-04-28T23:03:10 IST" name="browserClose" finished-at="2025-04-28T23:03:10 IST" duration-ms="243" status="PASS">
          <reporter-output>
          </reporter-output>
        </test-method> <!-- browserClose -->
        <test-method is-config="true" signature="LauchingAndLoadingURL()[pri:0, instance:test.TC_004_InvalidLoginTest@710f4dc7]" started-at="2025-04-28T23:03:10 IST" name="LauchingAndLoadingURL" finished-at="2025-04-28T23:03:13 IST" duration-ms="2800" status="PASS">
          <reporter-output>
          </reporter-output>
        </test-method> <!-- LauchingAndLoadingURL -->
        <test-method signature="ValidateInvalidLogin(java.lang.String,java.lang.String,java.lang.String,java.lang.String)[pri:0, instance:test.TC_004_InvalidLoginTest@710f4dc7]" started-at="2025-04-28T23:03:13 IST" name="ValidateInvalidLogin" data-provider="readData" finished-at="2025-04-28T23:03:17 IST" duration-ms="4716" status="PASS">
          <params>
            <param index="0">
              <value>
                <![CDATA[Roopa001]]>
              </value>
            </param>
            <param index="1">
              <value>
                <![CDATA[]]>
              </value>
            </param>
            <param index="2">
              <value>
                <![CDATA[PasswordIsEmpty]]>
              </value>
            </param>
            <param index="3">
              <value>
                <![CDATA[Enter Password]]>
              </value>
            </param>
          </params>
          <reporter-output>
          </reporter-output>
        </test-method> <!-- ValidateInvalidLogin -->
        <test-method is-config="true" signature="browserClose()[pri:0, instance:test.TC_004_InvalidLoginTest@710f4dc7]" started-at="2025-04-28T23:03:17 IST" name="browserClose" finished-at="2025-04-28T23:03:18 IST" duration-ms="218" status="PASS">
          <reporter-output>
          </reporter-output>
        </test-method> <!-- browserClose -->
        <test-method is-config="true" signature="LauchingAndLoadingURL()[pri:0, instance:test.TC_004_InvalidLoginTest@710f4dc7]" started-at="2025-04-28T23:03:18 IST" name="LauchingAndLoadingURL" finished-at="2025-04-28T23:03:26 IST" duration-ms="8083" status="PASS">
          <reporter-output>
          </reporter-output>
        </test-method> <!-- LauchingAndLoadingURL -->
        <test-method signature="ValidateInvalidLogin(java.lang.String,java.lang.String,java.lang.String,java.lang.String)[pri:0, instance:test.TC_004_InvalidLoginTest@710f4dc7]" started-at="2025-04-28T23:03:26 IST" name="ValidateInvalidLogin" data-provider="readData" finished-at="2025-04-28T23:03:33 IST" duration-ms="7287" status="PASS">
          <params>
            <param index="0">
              <value>
                <![CDATA[Roopa001]]>
              </value>
            </param>
            <param index="1">
              <value>
                <![CDATA[Roop]]>
              </value>
            </param>
            <param index="2">
              <value>
                <![CDATA[ClickForgotPassword]]>
              </value>
            </param>
            <param index="3">
              <value>
                <![CDATA[Forgot Password Form]]>
              </value>
            </param>
          </params>
          <reporter-output>
          </reporter-output>
        </test-method> <!-- ValidateInvalidLogin -->
        <test-method is-config="true" signature="browserClose()[pri:0, instance:test.TC_004_InvalidLoginTest@710f4dc7]" started-at="2025-04-28T23:03:33 IST" name="browserClose" finished-at="2025-04-28T23:03:33 IST" duration-ms="218" status="PASS">
          <reporter-output>
          </reporter-output>
        </test-method> <!-- browserClose -->
        <test-method is-config="true" signature="LauchingAndLoadingURL()[pri:0, instance:test.TC_004_InvalidLoginTest@710f4dc7]" started-at="2025-04-28T23:03:33 IST" name="LauchingAndLoadingURL" finished-at="2025-04-28T23:04:04 IST" duration-ms="30681" status="PASS">
          <reporter-output>
          </reporter-output>
        </test-method> <!-- LauchingAndLoadingURL -->
        <test-method signature="ValidateInvalidLogin(java.lang.String,java.lang.String,java.lang.String,java.lang.String)[pri:0, instance:test.TC_004_InvalidLoginTest@710f4dc7]" started-at="2025-04-28T23:04:04 IST" name="ValidateInvalidLogin" data-provider="readData" finished-at="2025-04-28T23:04:10 IST" duration-ms="6604" status="PASS">
          <params>
            <param index="0">
              <value>
                <![CDATA[Roopa001]]>
              </value>
            </param>
            <param index="1">
              <value>
                <![CDATA[Roopa1011]]>
              </value>
            </param>
            <param index="2">
              <value>
                <![CDATA[enterInvalidUserdata]]>
              </value>
            </param>
            <param index="3">
              <value>
                <![CDATA[Forgot Password Form]]>
              </value>
            </param>
          </params>
          <reporter-output>
          </reporter-output>
        </test-method> <!-- ValidateInvalidLogin -->
        <test-method is-config="true" signature="browserClose()[pri:0, instance:test.TC_004_InvalidLoginTest@710f4dc7]" started-at="2025-04-28T23:04:10 IST" name="browserClose" finished-at="2025-04-28T23:04:11 IST" duration-ms="225" status="PASS">
          <reporter-output>
          </reporter-output>
        </test-method> <!-- browserClose -->
      </class> <!-- test.TC_004_InvalidLoginTest -->
      <class name="test.TC_008_ChangePasswordTest">
        <test-method is-config="true" signature="setup()[pri:0, instance:test.TC_008_ChangePasswordTest@6ad82709]" started-at="2025-04-28T22:57:44 IST" name="setup" finished-at="2025-04-28T22:57:44 IST" duration-ms="0" status="PASS">
          <reporter-output>
          </reporter-output>
        </test-method> <!-- setup -->
        <test-method is-config="true" signature="testDetails()[pri:0, instance:test.TC_008_ChangePasswordTest@6ad82709]" started-at="2025-04-28T23:06:59 IST" name="testDetails" finished-at="2025-04-28T23:06:59 IST" duration-ms="0" status="PASS">
          <reporter-output>
          </reporter-output>
        </test-method> <!-- testDetails -->
        <test-method is-config="true" signature="LauchingAndLoadingURL()[pri:0, instance:test.TC_008_ChangePasswordTest@6ad82709]" started-at="2025-04-28T23:06:59 IST" name="LauchingAndLoadingURL" finished-at="2025-04-28T23:07:05 IST" duration-ms="5951" status="PASS">
          <reporter-output>
          </reporter-output>
        </test-method> <!-- LauchingAndLoadingURL -->
        <test-method signature="ChangePassword(java.lang.String,java.lang.String,java.lang.String,java.lang.String,java.lang.String)[pri:0, instance:test.TC_008_ChangePasswordTest@6ad82709]" started-at="2025-04-28T23:07:05 IST" name="ChangePassword" data-provider="readData" finished-at="2025-04-28T23:07:25 IST" duration-ms="19751" status="PASS">
          <params>
            <param index="0">
              <value>
                <![CDATA[RamAdmin1]]>
              </value>
            </param>
            <param index="1">
              <value>
                <![CDATA[Ram@1234]]>
              </value>
            </param>
            <param index="2">
              <value>
                <![CDATA[Ram@1234]]>
              </value>
            </param>
            <param index="3">
              <value>
                <![CDATA[Ram@1234]]>
              </value>
            </param>
            <param index="4">
              <value>
                <![CDATA[Ram@1234]]>
              </value>
            </param>
          </params>
          <reporter-output>
          </reporter-output>
        </test-method> <!-- ChangePassword -->
        <test-method is-config="true" signature="browserClose()[pri:0, instance:test.TC_008_ChangePasswordTest@6ad82709]" started-at="2025-04-28T23:07:25 IST" name="browserClose" finished-at="2025-04-28T23:07:25 IST" duration-ms="268" status="PASS">
          <reporter-output>
          </reporter-output>
        </test-method> <!-- browserClose -->
      </class> <!-- test.TC_008_ChangePasswordTest -->
      <class name="test.TC_001_RegisterPage">
        <test-method is-config="true" signature="reportIniatialization()[pri:0, instance:test.TC_001_RegisterPage@24aed80c]" started-at="2025-04-28T22:57:44 IST" name="reportIniatialization" finished-at="2025-04-28T22:57:44 IST" duration-ms="325" status="PASS">
          <reporter-output>
          </reporter-output>
        </test-method> <!-- reportIniatialization -->
        <test-method is-config="true" signature="setup()[pri:0, instance:test.TC_001_RegisterPage@24aed80c]" started-at="2025-04-28T22:57:44 IST" name="setup" finished-at="2025-04-28T22:57:44 IST" duration-ms="1" status="PASS">
          <reporter-output>
          </reporter-output>
        </test-method> <!-- setup -->
        <test-method is-config="true" signature="testDetails()[pri:0, instance:test.TC_001_RegisterPage@24aed80c]" started-at="2025-04-28T22:57:44 IST" name="testDetails" finished-at="2025-04-28T22:57:44 IST" duration-ms="18" status="PASS">
          <reporter-output>
          </reporter-output>
        </test-method> <!-- testDetails -->
        <test-method is-config="true" signature="LauchingAndLoadingURL()[pri:0, instance:test.TC_001_RegisterPage@24aed80c]" started-at="2025-04-28T22:57:45 IST" name="LauchingAndLoadingURL" finished-at="2025-04-28T22:57:54 IST" duration-ms="8719" status="PASS">
          <reporter-output>
          </reporter-output>
        </test-method> <!-- LauchingAndLoadingURL -->
        <test-method signature="ValidRegisterTest(java.lang.String,java.lang.String,java.lang.String,java.lang.String,java.lang.String)[pri:0, instance:test.TC_001_RegisterPage@24aed80c]" started-at="2025-04-28T22:57:54 IST" name="ValidRegisterTest" data-provider="readData" finished-at="2025-04-28T22:58:46 IST" duration-ms="52191" status="PASS">
          <params>
            <param index="0">
              <value>
                <![CDATA[RoopaArun02]]>
              </value>
            </param>
            <param index="1">
              <value>
                <![CDATA[Roopa@1011]]>
              </value>
            </param>
            <param index="2">
              <value>
                <![CDATA[Roopa@1011]]>
              </value>
            </param>
            <param index="3">
              <value>
                <![CDATA[RoopaK]]>
              </value>
            </param>
            <param index="4">
              <value>
                <![CDATA[DummyUser02@gmail.com]]>
              </value>
            </param>
          </params>
          <reporter-output>
          </reporter-output>
        </test-method> <!-- ValidRegisterTest -->
        <test-method is-config="true" signature="browserClose()[pri:0, instance:test.TC_001_RegisterPage@24aed80c]" started-at="2025-04-28T22:58:46 IST" name="browserClose" finished-at="2025-04-28T22:58:46 IST" duration-ms="194" status="PASS">
          <reporter-output>
          </reporter-output>
        </test-method> <!-- browserClose -->
        <test-method is-config="true" signature="closeReport()[pri:0, instance:test.TC_001_RegisterPage@24aed80c]" started-at="2025-04-28T23:10:43 IST" name="closeReport" finished-at="2025-04-28T23:10:44 IST" duration-ms="432" status="PASS">
          <reporter-output>
          </reporter-output>
        </test-method> <!-- closeReport -->
      </class> <!-- test.TC_001_RegisterPage -->
      <class name="test.TC_009_HomeContentDetailsTest">
        <test-method is-config="true" signature="setup()[pri:0, instance:test.TC_009_HomeContentDetailsTest@510f3d34]" started-at="2025-04-28T22:57:44 IST" name="setup" finished-at="2025-04-28T22:57:44 IST" duration-ms="0" status="PASS">
          <reporter-output>
          </reporter-output>
        </test-method> <!-- setup -->
        <test-method is-config="true" signature="LauchingAndLoadingURL()[pri:0, instance:test.TC_009_HomeContentDetailsTest@510f3d34]" started-at="2025-04-28T23:07:25 IST" name="LauchingAndLoadingURL" finished-at="2025-04-28T23:07:36 IST" duration-ms="10682" status="PASS">
          <reporter-output>
          </reporter-output>
        </test-method> <!-- LauchingAndLoadingURL -->
        <test-method is-config="true" signature="testDetails()[pri:0, instance:test.TC_009_HomeContentDetailsTest@510f3d34]" started-at="2025-04-28T23:07:25 IST" name="testDetails" finished-at="2025-04-28T23:07:25 IST" duration-ms="0" status="PASS">
          <reporter-output>
          </reporter-output>
        </test-method> <!-- testDetails -->
        <test-method signature="HomeContentTest()[pri:0, instance:test.TC_009_HomeContentDetailsTest@510f3d34]" started-at="2025-04-28T23:07:36 IST" name="HomeContentTest" finished-at="2025-04-28T23:07:36 IST" duration-ms="279" status="PASS">
          <reporter-output>
          </reporter-output>
        </test-method> <!-- HomeContentTest -->
        <test-method is-config="true" signature="browserClose()[pri:0, instance:test.TC_009_HomeContentDetailsTest@510f3d34]" started-at="2025-04-28T23:07:36 IST" name="browserClose" finished-at="2025-04-28T23:07:36 IST" duration-ms="230" status="PASS">
          <reporter-output>
          </reporter-output>
        </test-method> <!-- browserClose -->
      </class> <!-- test.TC_009_HomeContentDetailsTest -->
      <class name="test.TC_010_ValidateBooking">
        <test-method is-config="true" signature="setup()[pri:0, instance:test.TC_010_ValidateBooking@7817fd62]" started-at="2025-04-28T22:57:44 IST" name="setup" finished-at="2025-04-28T22:57:44 IST" duration-ms="0" status="PASS">
          <reporter-output>
          </reporter-output>
        </test-method> <!-- setup -->
        <test-method is-config="true" signature="testDetails()[pri:0, instance:test.TC_010_ValidateBooking@7817fd62]" started-at="2025-04-28T23:07:36 IST" name="testDetails" finished-at="2025-04-28T23:07:36 IST" duration-ms="0" status="PASS">
          <reporter-output>
          </reporter-output>
        </test-method> <!-- testDetails -->
        <test-method is-config="true" signature="LauchingAndLoadingURL()[pri:0, instance:test.TC_010_ValidateBooking@7817fd62]" started-at="2025-04-28T23:07:36 IST" name="LauchingAndLoadingURL" finished-at="2025-04-28T23:07:45 IST" duration-ms="8837" status="PASS">
          <reporter-output>
          </reporter-output>
        </test-method> <!-- LauchingAndLoadingURL -->
        <test-method signature="BookingHotelsTest(java.lang.String,java.lang.String,java.lang.String,java.lang.String,java.lang.String,java.lang.String,java.lang.String,java.lang.String,java.lang.String,java.lang.String,java.lang.String)[pri:0, instance:test.TC_010_ValidateBooking@7817fd62]" started-at="2025-04-28T23:07:45 IST" name="BookingHotelsTest" data-provider="readData" finished-at="2025-04-28T23:07:59 IST" duration-ms="13375" status="PASS">
          <params>
            <param index="0">
              <value>
                <![CDATA[RamAdmin1]]>
              </value>
            </param>
            <param index="1">
              <value>
                <![CDATA[Ram@1234]]>
              </value>
            </param>
            <param index="2">
              <value>
                <![CDATA[25-05-2025]]>
              </value>
            </param>
            <param index="3">
              <value>
                <![CDATA[26-05-2025]]>
              </value>
            </param>
            <param index="4">
              <value>
                <![CDATA[]]>
              </value>
            </param>
            <param index="5">
              <value>
                <![CDATA[Arun]]>
              </value>
            </param>
            <param index="6">
              <value>
                <![CDATA[Theni]]>
              </value>
            </param>
            <param index="7">
              <value>
                <![CDATA[5478569852145632]]>
              </value>
            </param>
            <param index="8">
              <value>
                <![CDATA[123]]>
              </value>
            </param>
            <param index="9">
              <value>
                <![CDATA[FirstNameISEmpty]]>
              </value>
            </param>
            <param index="10">
              <value>
                <![CDATA[Please Enter your First Name]]>
              </value>
            </param>
          </params>
          <reporter-output>
          </reporter-output>
        </test-method> <!-- BookingHotelsTest -->
        <test-method is-config="true" signature="browserClose()[pri:0, instance:test.TC_010_ValidateBooking@7817fd62]" started-at="2025-04-28T23:07:59 IST" name="browserClose" finished-at="2025-04-28T23:07:59 IST" duration-ms="263" status="PASS">
          <reporter-output>
          </reporter-output>
        </test-method> <!-- browserClose -->
        <test-method is-config="true" signature="LauchingAndLoadingURL()[pri:0, instance:test.TC_010_ValidateBooking@7817fd62]" started-at="2025-04-28T23:07:59 IST" name="LauchingAndLoadingURL" finished-at="2025-04-28T23:08:10 IST" duration-ms="11119" status="PASS">
          <reporter-output>
          </reporter-output>
        </test-method> <!-- LauchingAndLoadingURL -->
        <test-method signature="BookingHotelsTest(java.lang.String,java.lang.String,java.lang.String,java.lang.String,java.lang.String,java.lang.String,java.lang.String,java.lang.String,java.lang.String,java.lang.String,java.lang.String)[pri:0, instance:test.TC_010_ValidateBooking@7817fd62]" started-at="2025-04-28T23:08:10 IST" name="BookingHotelsTest" data-provider="readData" finished-at="2025-04-28T23:08:25 IST" duration-ms="14939" status="PASS">
          <params>
            <param index="0">
              <value>
                <![CDATA[RamAdmin1]]>
              </value>
            </param>
            <param index="1">
              <value>
                <![CDATA[Ram@1234]]>
              </value>
            </param>
            <param index="2">
              <value>
                <![CDATA[25-05-2025]]>
              </value>
            </param>
            <param index="3">
              <value>
                <![CDATA[26-05-2025]]>
              </value>
            </param>
            <param index="4">
              <value>
                <![CDATA[Roopa]]>
              </value>
            </param>
            <param index="5">
              <value>
                <![CDATA[]]>
              </value>
            </param>
            <param index="6">
              <value>
                <![CDATA[Theni]]>
              </value>
            </param>
            <param index="7">
              <value>
                <![CDATA[5478569852145632]]>
              </value>
            </param>
            <param index="8">
              <value>
                <![CDATA[123]]>
              </value>
            </param>
            <param index="9">
              <value>
                <![CDATA[LastNameISEmpty]]>
              </value>
            </param>
            <param index="10">
              <value>
                <![CDATA[Please Enter you Last Name]]>
              </value>
            </param>
          </params>
          <reporter-output>
          </reporter-output>
        </test-method> <!-- BookingHotelsTest -->
        <test-method is-config="true" signature="browserClose()[pri:0, instance:test.TC_010_ValidateBooking@7817fd62]" started-at="2025-04-28T23:08:25 IST" name="browserClose" finished-at="2025-04-28T23:08:25 IST" duration-ms="227" status="PASS">
          <reporter-output>
          </reporter-output>
        </test-method> <!-- browserClose -->
        <test-method is-config="true" signature="LauchingAndLoadingURL()[pri:0, instance:test.TC_010_ValidateBooking@7817fd62]" started-at="2025-04-28T23:08:25 IST" name="LauchingAndLoadingURL" finished-at="2025-04-28T23:08:35 IST" duration-ms="10120" status="PASS">
          <reporter-output>
          </reporter-output>
        </test-method> <!-- LauchingAndLoadingURL -->
        <test-method signature="BookingHotelsTest(java.lang.String,java.lang.String,java.lang.String,java.lang.String,java.lang.String,java.lang.String,java.lang.String,java.lang.String,java.lang.String,java.lang.String,java.lang.String)[pri:0, instance:test.TC_010_ValidateBooking@7817fd62]" started-at="2025-04-28T23:08:35 IST" name="BookingHotelsTest" data-provider="readData" finished-at="2025-04-28T23:08:50 IST" duration-ms="14316" status="PASS">
          <params>
            <param index="0">
              <value>
                <![CDATA[RamAdmin1]]>
              </value>
            </param>
            <param index="1">
              <value>
                <![CDATA[Ram@1234]]>
              </value>
            </param>
            <param index="2">
              <value>
                <![CDATA[23-05-2025]]>
              </value>
            </param>
            <param index="3">
              <value>
                <![CDATA[25-05-2025]]>
              </value>
            </param>
            <param index="4">
              <value>
                <![CDATA[Roopa]]>
              </value>
            </param>
            <param index="5">
              <value>
                <![CDATA[Arun]]>
              </value>
            </param>
            <param index="6">
              <value>
                <![CDATA[]]>
              </value>
            </param>
            <param index="7">
              <value>
                <![CDATA[5478569852145632]]>
              </value>
            </param>
            <param index="8">
              <value>
                <![CDATA[123]]>
              </value>
            </param>
            <param index="9">
              <value>
                <![CDATA[AddressIsEmpty]]>
              </value>
            </param>
            <param index="10">
              <value>
                <![CDATA[Please Enter your Address]]>
              </value>
            </param>
          </params>
          <reporter-output>
          </reporter-output>
        </test-method> <!-- BookingHotelsTest -->
        <test-method is-config="true" signature="browserClose()[pri:0, instance:test.TC_010_ValidateBooking@7817fd62]" started-at="2025-04-28T23:08:50 IST" name="browserClose" finished-at="2025-04-28T23:08:50 IST" duration-ms="234" status="PASS">
          <reporter-output>
          </reporter-output>
        </test-method> <!-- browserClose -->
        <test-method is-config="true" signature="LauchingAndLoadingURL()[pri:0, instance:test.TC_010_ValidateBooking@7817fd62]" started-at="2025-04-28T23:08:50 IST" name="LauchingAndLoadingURL" finished-at="2025-04-28T23:08:59 IST" duration-ms="8686" status="PASS">
          <reporter-output>
          </reporter-output>
        </test-method> <!-- LauchingAndLoadingURL -->
        <test-method signature="BookingHotelsTest(java.lang.String,java.lang.String,java.lang.String,java.lang.String,java.lang.String,java.lang.String,java.lang.String,java.lang.String,java.lang.String,java.lang.String,java.lang.String)[pri:0, instance:test.TC_010_ValidateBooking@7817fd62]" started-at="2025-04-28T23:08:59 IST" name="BookingHotelsTest" data-provider="readData" finished-at="2025-04-28T23:09:17 IST" duration-ms="17982" status="PASS">
          <params>
            <param index="0">
              <value>
                <![CDATA[RamAdmin1]]>
              </value>
            </param>
            <param index="1">
              <value>
                <![CDATA[Ram@1234]]>
              </value>
            </param>
            <param index="2">
              <value>
                <![CDATA[22-05-2025]]>
              </value>
            </param>
            <param index="3">
              <value>
                <![CDATA[25-05-2025]]>
              </value>
            </param>
            <param index="4">
              <value>
                <![CDATA[Roopa]]>
              </value>
            </param>
            <param index="5">
              <value>
                <![CDATA[Arun]]>
              </value>
            </param>
            <param index="6">
              <value>
                <![CDATA[Theni]]>
              </value>
            </param>
            <param index="7">
              <value>
                <![CDATA[5478]]>
              </value>
            </param>
            <param index="8">
              <value>
                <![CDATA[123]]>
              </value>
            </param>
            <param index="9">
              <value>
                <![CDATA[CArdNo.IsEmpty]]>
              </value>
            </param>
            <param index="10">
              <value>
                <![CDATA[Please Enter your 16 Digit Credit Card Number]]>
              </value>
            </param>
          </params>
          <reporter-output>
          </reporter-output>
        </test-method> <!-- BookingHotelsTest -->
        <test-method is-config="true" signature="browserClose()[pri:0, instance:test.TC_010_ValidateBooking@7817fd62]" started-at="2025-04-28T23:09:17 IST" name="browserClose" finished-at="2025-04-28T23:09:17 IST" duration-ms="249" status="PASS">
          <reporter-output>
          </reporter-output>
        </test-method> <!-- browserClose -->
        <test-method is-config="true" signature="LauchingAndLoadingURL()[pri:0, instance:test.TC_010_ValidateBooking@7817fd62]" started-at="2025-04-28T23:09:17 IST" name="LauchingAndLoadingURL" finished-at="2025-04-28T23:09:31 IST" duration-ms="14533" status="PASS">
          <reporter-output>
          </reporter-output>
        </test-method> <!-- LauchingAndLoadingURL -->
        <test-method signature="BookingHotelsTest(java.lang.String,java.lang.String,java.lang.String,java.lang.String,java.lang.String,java.lang.String,java.lang.String,java.lang.String,java.lang.String,java.lang.String,java.lang.String)[pri:0, instance:test.TC_010_ValidateBooking@7817fd62]" started-at="2025-04-28T23:09:31 IST" name="BookingHotelsTest" data-provider="readData" finished-at="2025-04-28T23:09:46 IST" duration-ms="14271" status="PASS">
          <params>
            <param index="0">
              <value>
                <![CDATA[RamAdmin1]]>
              </value>
            </param>
            <param index="1">
              <value>
                <![CDATA[Ram@1234]]>
              </value>
            </param>
            <param index="2">
              <value>
                <![CDATA[30-05-2025]]>
              </value>
            </param>
            <param index="3">
              <value>
                <![CDATA[02-06-2025]]>
              </value>
            </param>
            <param index="4">
              <value>
                <![CDATA[Roopa]]>
              </value>
            </param>
            <param index="5">
              <value>
                <![CDATA[Arun]]>
              </value>
            </param>
            <param index="6">
              <value>
                <![CDATA[Theni]]>
              </value>
            </param>
            <param index="7">
              <value>
                <![CDATA[5478569852145632]]>
              </value>
            </param>
            <param index="8">
              <value>
                <![CDATA[123]]>
              </value>
            </param>
            <param index="9">
              <value>
                <![CDATA[UnselectedCreditCardType]]>
              </value>
            </param>
            <param index="10">
              <value>
                <![CDATA[Please Select your Credit Card Type]]>
              </value>
            </param>
          </params>
          <reporter-output>
          </reporter-output>
        </test-method> <!-- BookingHotelsTest -->
        <test-method is-config="true" signature="browserClose()[pri:0, instance:test.TC_010_ValidateBooking@7817fd62]" started-at="2025-04-28T23:09:46 IST" name="browserClose" finished-at="2025-04-28T23:09:46 IST" duration-ms="243" status="PASS">
          <reporter-output>
          </reporter-output>
        </test-method> <!-- browserClose -->
        <test-method is-config="true" signature="LauchingAndLoadingURL()[pri:0, instance:test.TC_010_ValidateBooking@7817fd62]" started-at="2025-04-28T23:09:46 IST" name="LauchingAndLoadingURL" finished-at="2025-04-28T23:09:56 IST" duration-ms="9749" status="PASS">
          <reporter-output>
          </reporter-output>
        </test-method> <!-- LauchingAndLoadingURL -->
        <test-method signature="BookingHotelsTest(java.lang.String,java.lang.String,java.lang.String,java.lang.String,java.lang.String,java.lang.String,java.lang.String,java.lang.String,java.lang.String,java.lang.String,java.lang.String)[pri:0, instance:test.TC_010_ValidateBooking@7817fd62]" started-at="2025-04-28T23:09:56 IST" name="BookingHotelsTest" data-provider="readData" finished-at="2025-04-28T23:10:18 IST" duration-ms="22548" status="PASS">
          <params>
            <param index="0">
              <value>
                <![CDATA[RamAdmin1]]>
              </value>
            </param>
            <param index="1">
              <value>
                <![CDATA[Ram@1234]]>
              </value>
            </param>
            <param index="2">
              <value>
                <![CDATA[04-04-2025]]>
              </value>
            </param>
            <param index="3">
              <value>
                <![CDATA[05-04-2025]]>
              </value>
            </param>
            <param index="4">
              <value>
                <![CDATA[Roopa]]>
              </value>
            </param>
            <param index="5">
              <value>
                <![CDATA[Arun]]>
              </value>
            </param>
            <param index="6">
              <value>
                <![CDATA[Theni]]>
              </value>
            </param>
            <param index="7">
              <value>
                <![CDATA[5478569852145632]]>
              </value>
            </param>
            <param index="8">
              <value>
                <![CDATA[123]]>
              </value>
            </param>
            <param index="9">
              <value>
                <![CDATA[UnselectdExpiryMonth]]>
              </value>
            </param>
            <param index="10">
              <value>
                <![CDATA[Please Select your Credit Card Expiry Month]]>
              </value>
            </param>
          </params>
          <reporter-output>
          </reporter-output>
        </test-method> <!-- BookingHotelsTest -->
        <test-method is-config="true" signature="browserClose()[pri:0, instance:test.TC_010_ValidateBooking@7817fd62]" started-at="2025-04-28T23:10:18 IST" name="browserClose" finished-at="2025-04-28T23:10:18 IST" duration-ms="245" status="PASS">
          <reporter-output>
          </reporter-output>
        </test-method> <!-- browserClose -->
        <test-method is-config="true" signature="LauchingAndLoadingURL()[pri:0, instance:test.TC_010_ValidateBooking@7817fd62]" started-at="2025-04-28T23:10:18 IST" name="LauchingAndLoadingURL" finished-at="2025-04-28T23:10:21 IST" duration-ms="2852" status="PASS">
          <reporter-output>
          </reporter-output>
        </test-method> <!-- LauchingAndLoadingURL -->
        <test-method signature="BookingHotelsTest(java.lang.String,java.lang.String,java.lang.String,java.lang.String,java.lang.String,java.lang.String,java.lang.String,java.lang.String,java.lang.String,java.lang.String,java.lang.String)[pri:0, instance:test.TC_010_ValidateBooking@7817fd62]" started-at="2025-04-28T23:10:21 IST" name="BookingHotelsTest" data-provider="readData" finished-at="2025-04-28T23:10:43 IST" duration-ms="21874" status="PASS">
          <params>
            <param index="0">
              <value>
                <![CDATA[RamAdmin1]]>
              </value>
            </param>
            <param index="1">
              <value>
                <![CDATA[Ram@1234]]>
              </value>
            </param>
            <param index="2">
              <value>
                <![CDATA[07-04-2025]]>
              </value>
            </param>
            <param index="3">
              <value>
                <![CDATA[08-05-2025]]>
              </value>
            </param>
            <param index="4">
              <value>
                <![CDATA[Roopa]]>
              </value>
            </param>
            <param index="5">
              <value>
                <![CDATA[Arun]]>
              </value>
            </param>
            <param index="6">
              <value>
                <![CDATA[Theni]]>
              </value>
            </param>
            <param index="7">
              <value>
                <![CDATA[5478569852145632]]>
              </value>
            </param>
            <param index="8">
              <value>
                <![CDATA[]]>
              </value>
            </param>
            <param index="9">
              <value>
                <![CDATA[CVVNo.ISEmpty]]>
              </value>
            </param>
            <param index="10">
              <value>
                <![CDATA[Please Enter your Credit Card CVV Number]]>
              </value>
            </param>
          </params>
          <reporter-output>
          </reporter-output>
        </test-method> <!-- BookingHotelsTest -->
        <test-method is-config="true" signature="browserClose()[pri:0, instance:test.TC_010_ValidateBooking@7817fd62]" started-at="2025-04-28T23:10:43 IST" name="browserClose" finished-at="2025-04-28T23:10:43 IST" duration-ms="239" status="PASS">
          <reporter-output>
          </reporter-output>
        </test-method> <!-- browserClose -->
      </class> <!-- test.TC_010_ValidateBooking -->
      <class name="test.TC_005_SearchHotelTest">
        <test-method is-config="true" signature="setup()[pri:0, instance:test.TC_005_SearchHotelTest@1ff4931d]" started-at="2025-04-28T22:57:44 IST" name="setup" finished-at="2025-04-28T22:57:44 IST" duration-ms="0" status="PASS">
          <reporter-output>
          </reporter-output>
        </test-method> <!-- setup -->
        <test-method is-config="true" signature="testDetails()[pri:0, instance:test.TC_005_SearchHotelTest@1ff4931d]" started-at="2025-04-28T23:04:11 IST" name="testDetails" finished-at="2025-04-28T23:04:11 IST" duration-ms="3" status="PASS">
          <reporter-output>
          </reporter-output>
        </test-method> <!-- testDetails -->
        <test-method is-config="true" signature="LauchingAndLoadingURL()[pri:0, instance:test.TC_005_SearchHotelTest@1ff4931d]" started-at="2025-04-28T23:04:11 IST" name="LauchingAndLoadingURL" finished-at="2025-04-28T23:04:31 IST" duration-ms="20242" status="PASS">
          <reporter-output>
          </reporter-output>
        </test-method> <!-- LauchingAndLoadingURL -->
        <test-method signature="SearchHotelsTest(java.lang.String,java.lang.String,java.lang.String,java.lang.String)[pri:0, instance:test.TC_005_SearchHotelTest@1ff4931d]" started-at="2025-04-28T23:04:31 IST" name="SearchHotelsTest" data-provider="readData" finished-at="2025-04-28T23:04:37 IST" duration-ms="5531" status="PASS">
          <params>
            <param index="0">
              <value>
                <![CDATA[RamAdmin1]]>
              </value>
            </param>
            <param index="1">
              <value>
                <![CDATA[Ram@1234]]>
              </value>
            </param>
            <param index="2">
              <value>
                <![CDATA[18-05-2025]]>
              </value>
            </param>
            <param index="3">
              <value>
                <![CDATA[19-05-2025]]>
              </value>
            </param>
          </params>
          <reporter-output>
          </reporter-output>
        </test-method> <!-- SearchHotelsTest -->
        <test-method is-config="true" signature="browserClose()[pri:0, instance:test.TC_005_SearchHotelTest@1ff4931d]" started-at="2025-04-28T23:04:37 IST" name="browserClose" finished-at="2025-04-28T23:04:37 IST" duration-ms="242" status="PASS">
          <reporter-output>
          </reporter-output>
        </test-method> <!-- browserClose -->
      </class> <!-- test.TC_005_SearchHotelTest -->
      <class name="test.TC_003_ValidLoginTest">
        <test-method is-config="true" signature="setup()[pri:0, instance:test.TC_003_ValidLoginTest@2925bf5b]" started-at="2025-04-28T22:57:44 IST" name="setup" finished-at="2025-04-28T22:57:44 IST" duration-ms="0" status="PASS">
          <reporter-output>
          </reporter-output>
        </test-method> <!-- setup -->
        <test-method is-config="true" signature="testDetails()[pri:0, instance:test.TC_003_ValidLoginTest@2925bf5b]" started-at="2025-04-28T23:02:25 IST" name="testDetails" finished-at="2025-04-28T23:02:25 IST" duration-ms="1" status="PASS">
          <reporter-output>
          </reporter-output>
        </test-method> <!-- testDetails -->
        <test-method is-config="true" signature="LauchingAndLoadingURL()[pri:0, instance:test.TC_003_ValidLoginTest@2925bf5b]" started-at="2025-04-28T23:02:25 IST" name="LauchingAndLoadingURL" finished-at="2025-04-28T23:02:54 IST" duration-ms="28733" status="PASS">
          <reporter-output>
          </reporter-output>
        </test-method> <!-- LauchingAndLoadingURL -->
        <test-method signature="ValidateLogin(java.lang.String,java.lang.String)[pri:0, instance:test.TC_003_ValidLoginTest@2925bf5b]" started-at="2025-04-28T23:02:54 IST" name="ValidateLogin" data-provider="readData" finished-at="2025-04-28T23:03:00 IST" duration-ms="6556" status="PASS">
          <params>
            <param index="0">
              <value>
                <![CDATA[RamAdmin1]]>
              </value>
            </param>
            <param index="1">
              <value>
                <![CDATA[Ram@1234]]>
              </value>
            </param>
          </params>
          <reporter-output>
          </reporter-output>
        </test-method> <!-- ValidateLogin -->
        <test-method is-config="true" signature="browserClose()[pri:0, instance:test.TC_003_ValidLoginTest@2925bf5b]" started-at="2025-04-28T23:03:00 IST" name="browserClose" finished-at="2025-04-28T23:03:00 IST" duration-ms="240" status="PASS">
          <reporter-output>
          </reporter-output>
        </test-method> <!-- browserClose -->
      </class> <!-- test.TC_003_ValidLoginTest -->
    </test> <!-- Test -->
  </suite> <!-- Suite -->
</testng-results>
